#
# There is insufficient memory for the Java Runtime Environment to continue.
# Native memory allocation (malloc) failed to allocate 42467328 bytes for committing reserved memory.
# Possible reasons:
#   The system is out of physical RAM or swap space
#   In 32 bit mode, the process size limit was hit
# Possible solutions:
#   Reduce memory load on the system
#   Increase physical memory or swap space
#   Check if swap backing store is full
#   Use 64 bit Java on a 64 bit OS
#   Decrease Java heap size (-Xmx/-Xms)
#   Decrease number of Java threads
#   Decrease Java thread stack sizes (-Xss)
#   Set larger code cache with -XX:ReservedCodeCacheSize=
# This output file may be truncated or incomplete.
#
#  Out of Memory Error (os_linux.cpp:2798), pid=6426, tid=139889071920896
#
# JRE version:  (7.0_75-b13) (build )
# Java VM: OpenJDK 64-Bit Server VM (24.75-b04 mixed mode linux-amd64 compressed oops)
# Derivative: IcedTea 2.5.4
# Distribution: Custom build (Fri Jan 23 11:00:44 UTC 2015)
# Failed to write core dump. Core dumps have been disabled. To enable core dumping, try "ulimit -c unlimited" before starting Java again
#

---------------  T H R E A D  ---------------

Current thread (0x00007f3a70008800):  JavaThread "Unknown thread" [_thread_in_vm, id=6432, stack(0x00007f3a76609000,0x00007f3a7670a000)]

Stack: [0x00007f3a76609000,0x00007f3a7670a000],  sp=0x00007f3a767085b0,  free space=1021k
Native frames: (J=compiled Java code, j=interpreted, Vv=VM code, C=native code)
V  [libjvm.so+0x97dfb6]
V  [libjvm.so+0x48e252]
V  [libjvm.so+0x7f188b]
V  [libjvm.so+0x7ebffe]
V  [libjvm.so+0x85e83b]
V  [libjvm.so+0x84d76b]
V  [libjvm.so+0x2a45f5]
V  [libjvm.so+0x812cd4]
V  [libjvm.so+0x9479a7]
V  [libjvm.so+0x947cf6]
V  [libjvm.so+0x5ade7f]
V  [libjvm.so+0x92954f]
V  [libjvm.so+0x61ca00]  JNI_CreateJavaVM+0x60
C  [libjli.so+0x29bf]


---------------  P R O C E S S  ---------------

Java Threads: ( => current thread )

Other Threads:

=>0x00007f3a70008800 (exited) JavaThread "Unknown thread" [_thread_in_vm, id=6432, stack(0x00007f3a76609000,0x00007f3a7670a000)]

VM state:not at safepoint (not fully initialized)

VM Mutex/Monitor currently owned by a thread: None

GC Heap History (0 events):
No events

Deoptimization events (0 events):
No events

Internal exceptions (0 events):
No events

Events (0 events):
No events


Dynamic libraries:
00400000-00401000 r-xp 00000000 08:03 827447                             /usr/lib/jvm/java-7-openjdk/jre/bin/java
00600000-00601000 rw-p 00000000 08:03 827447                             /usr/lib/jvm/java-7-openjdk/jre/bin/java
00dd6000-00df7000 rw-p 00000000 00:00 0                                  [heap]
b8a00000-c3000000 rw-p 00000000 00:00 0 
c5880000-eba80000 rw-p 00000000 00:00 0 
eba80000-ecf00000 rw-p 00000000 00:00 0 
ecf00000-100000000 rw-p 00000000 00:00 0 
7f3a6c574000-7f3a6c70c000 rw-p 00000000 00:00 0 
7f3a6c70c000-7f3a6c717000 rw-p 00000000 00:00 0 
7f3a6c717000-7f3a6c7af000 rw-p 00000000 00:00 0 
7f3a6c7af000-7f3a6c7b0000 rw-p 00000000 00:00 0 
7f3a6c7b0000-7f3a6ca20000 rwxp 00000000 00:00 0 
7f3a6ca20000-7f3a6f7b0000 rw-p 00000000 00:00 0 
7f3a6f7b0000-7f3a6f7b8000 r-xp 00000000 08:03 827414                     /usr/lib/jvm/java-7-openjdk/jre/lib/amd64/libzip.so
7f3a6f7b8000-7f3a6f9b7000 ---p 00008000 08:03 827414                     /usr/lib/jvm/java-7-openjdk/jre/lib/amd64/libzip.so
7f3a6f9b7000-7f3a6f9b8000 rw-p 00007000 08:03 827414                     /usr/lib/jvm/java-7-openjdk/jre/lib/amd64/libzip.so
7f3a6f9b8000-7f3a6f9c3000 r-xp 00000000 08:03 789597                     /usr/lib/libnss_files-2.21.so
7f3a6f9c3000-7f3a6fbc3000 ---p 0000b000 08:03 789597                     /usr/lib/libnss_files-2.21.so
7f3a6fbc3000-7f3a6fbc4000 r--p 0000b000 08:03 789597                     /usr/lib/libnss_files-2.21.so
7f3a6fbc4000-7f3a6fbc5000 rw-p 0000c000 08:03 789597                     /usr/lib/libnss_files-2.21.so
7f3a6fbc5000-7f3a6fbf1000 r-xp 00000000 08:03 827413                     /usr/lib/jvm/java-7-openjdk/jre/lib/amd64/libjava.so
7f3a6fbf1000-7f3a6fdf0000 ---p 0002c000 08:03 827413                     /usr/lib/jvm/java-7-openjdk/jre/lib/amd64/libjava.so
7f3a6fdf0000-7f3a6fdf2000 rw-p 0002b000 08:03 827413                     /usr/lib/jvm/java-7-openjdk/jre/lib/amd64/libjava.so
7f3a6fdf2000-7f3a6fdff000 r-xp 00000000 08:03 827412                     /usr/lib/jvm/java-7-openjdk/jre/lib/amd64/libverify.so
7f3a6fdff000-7f3a6fffe000 ---p 0000d000 08:03 827412                     /usr/lib/jvm/java-7-openjdk/jre/lib/amd64/libverify.so
7f3a6fffe000-7f3a70000000 rw-p 0000c000 08:03 827412                     /usr/lib/jvm/java-7-openjdk/jre/lib/amd64/libverify.so
7f3a70000000-7f3a70021000 rw-p 00000000 00:00 0 
7f3a70021000-7f3a74000000 ---p 00000000 00:00 0 
7f3a740c1000-7f3a740c8000 r-xp 00000000 08:03 789629                     /usr/lib/librt-2.21.so
7f3a740c8000-7f3a742c7000 ---p 00007000 08:03 789629                     /usr/lib/librt-2.21.so
7f3a742c7000-7f3a742c8000 r--p 00006000 08:03 789629                     /usr/lib/librt-2.21.so
7f3a742c8000-7f3a742c9000 rw-p 00007000 08:03 789629                     /usr/lib/librt-2.21.so
7f3a742c9000-7f3a742df000 r-xp 00000000 08:03 789961                     /usr/lib/libgcc_s.so.1
7f3a742df000-7f3a744de000 ---p 00016000 08:03 789961                     /usr/lib/libgcc_s.so.1
7f3a744de000-7f3a744df000 rw-p 00015000 08:03 789961                     /usr/lib/libgcc_s.so.1
7f3a744df000-7f3a745e2000 r-xp 00000000 08:03 789656                     /usr/lib/libm-2.21.so
7f3a745e2000-7f3a747e2000 ---p 00103000 08:03 789656                     /usr/lib/libm-2.21.so
7f3a747e2000-7f3a747e3000 r--p 00103000 08:03 789656                     /usr/lib/libm-2.21.so
7f3a747e3000-7f3a747e4000 rw-p 00104000 08:03 789656                     /usr/lib/libm-2.21.so
7f3a747e4000-7f3a748d4000 r-xp 00000000 08:03 789965                     /usr/lib/libstdc++.so.6.0.20
7f3a748d4000-7f3a74ad4000 ---p 000f0000 08:03 789965                     /usr/lib/libstdc++.so.6.0.20
7f3a74ad4000-7f3a74adc000 r--p 000f0000 08:03 789965                     /usr/lib/libstdc++.so.6.0.20
7f3a74adc000-7f3a74ade000 rw-p 000f8000 08:03 789965                     /usr/lib/libstdc++.so.6.0.20
7f3a74ade000-7f3a74af3000 rw-p 00000000 00:00 0 
7f3a74af3000-7f3a7563d000 r-xp 00000000 08:03 827446                     /usr/lib/jvm/java-7-openjdk/jre/lib/amd64/server/libjvm.so
7f3a7563d000-7f3a7583d000 ---p 00b4a000 08:03 827446                     /usr/lib/jvm/java-7-openjdk/jre/lib/amd64/server/libjvm.so
7f3a7583d000-7f3a758ff000 rw-p 00b4a000 08:03 827446                     /usr/lib/jvm/java-7-openjdk/jre/lib/amd64/server/libjvm.so
7f3a758ff000-7f3a7592b000 rw-p 00000000 00:00 0 
7f3a7592b000-7f3a75940000 r-xp 00000000 08:03 792698                     /usr/lib/libz.so.1.2.8
7f3a75940000-7f3a75b3f000 ---p 00015000 08:03 792698                     /usr/lib/libz.so.1.2.8
7f3a75b3f000-7f3a75b40000 r--p 00014000 08:03 792698                     /usr/lib/libz.so.1.2.8
7f3a75b40000-7f3a75b41000 rw-p 00015000 08:03 792698                     /usr/lib/libz.so.1.2.8
7f3a75b41000-7f3a75cda000 r-xp 00000000 08:03 789608                     /usr/lib/libc-2.21.so
7f3a75cda000-7f3a75eda000 ---p 00199000 08:03 789608                     /usr/lib/libc-2.21.so
7f3a75eda000-7f3a75ede000 r--p 00199000 08:03 789608                     /usr/lib/libc-2.21.so
7f3a75ede000-7f3a75ee0000 rw-p 0019d000 08:03 789608                     /usr/lib/libc-2.21.so
7f3a75ee0000-7f3a75ee4000 rw-p 00000000 00:00 0 
7f3a75ee4000-7f3a75ee6000 r-xp 00000000 08:03 789638                     /usr/lib/libdl-2.21.so
7f3a75ee6000-7f3a760e6000 ---p 00002000 08:03 789638                     /usr/lib/libdl-2.21.so
7f3a760e6000-7f3a760e7000 r--p 00002000 08:03 789638                     /usr/lib/libdl-2.21.so
7f3a760e7000-7f3a760e8000 rw-p 00003000 08:03 789638                     /usr/lib/libdl-2.21.so
7f3a760e8000-7f3a760f5000 r-xp 00000000 08:03 827442                     /usr/lib/jvm/java-7-openjdk/jre/lib/amd64/jli/libjli.so
7f3a760f5000-7f3a762f4000 ---p 0000d000 08:03 827442                     /usr/lib/jvm/java-7-openjdk/jre/lib/amd64/jli/libjli.so
7f3a762f4000-7f3a762f5000 rw-p 0000c000 08:03 827442                     /usr/lib/jvm/java-7-openjdk/jre/lib/amd64/jli/libjli.so
7f3a762f5000-7f3a7630d000 r-xp 00000000 08:03 789628                     /usr/lib/libpthread-2.21.so
7f3a7630d000-7f3a7650c000 ---p 00018000 08:03 789628                     /usr/lib/libpthread-2.21.so
7f3a7650c000-7f3a7650d000 r--p 00017000 08:03 789628                     /usr/lib/libpthread-2.21.so
7f3a7650d000-7f3a7650e000 rw-p 00018000 08:03 789628                     /usr/lib/libpthread-2.21.so
7f3a7650e000-7f3a76512000 rw-p 00000000 00:00 0 
7f3a76512000-7f3a76534000 r-xp 00000000 08:03 789652                     /usr/lib/ld-2.21.so
7f3a76549000-7f3a76553000 rw-p 00000000 00:00 0 
7f3a76553000-7f3a76609000 rw-p 00000000 00:00 0 
7f3a76609000-7f3a7660c000 ---p 00000000 00:00 0 
7f3a7660c000-7f3a7670e000 rw-p 00000000 00:00 0                          [stack:6432]
7f3a76726000-7f3a76728000 rw-p 00000000 00:00 0 
7f3a76728000-7f3a76730000 rw-s 00000000 00:1f 57396                      /tmp/hsperfdata_sajjad/6426
7f3a76730000-7f3a76731000 rw-p 00000000 00:00 0 
7f3a76731000-7f3a76732000 r--p 00000000 00:00 0 
7f3a76732000-7f3a76733000 rw-p 00000000 00:00 0 
7f3a76733000-7f3a76734000 r--p 00021000 08:03 789652                     /usr/lib/ld-2.21.so
7f3a76734000-7f3a76735000 rw-p 00022000 08:03 789652                     /usr/lib/ld-2.21.so
7f3a76735000-7f3a76736000 rw-p 00000000 00:00 0 
7fff9b687000-7fff9b6a8000 rw-p 00000000 00:00 0                          [stack]
7fff9b747000-7fff9b749000 r--p 00000000 00:00 0                          [vvar]
7fff9b749000-7fff9b74b000 r-xp 00000000 00:00 0                          [vdso]
ffffffffff600000-ffffffffff601000 r-xp 00000000 00:00 0                  [vsyscall]

VM Arguments:
jvm_args: -Dfile.encoding=UTF-8 
java_command: Main
Launcher Type: SUN_STANDARD

Environment Variables:
PATH=/usr/local/sbin:/usr/local/bin:/usr/bin:/usr/lib/jvm/default/bin:/usr/bin/site_perl:/usr/bin/vendor_perl:/usr/bin/core_perl
USERNAME=sajjad
SHELL=/bin/bash
DISPLAY=:0

Signal Handlers:
SIGSEGV: [libjvm.so+0x97eaa0], sa_mask[0]=0x7ffbfeff, sa_flags=0x10000004
SIGBUS: [libjvm.so+0x97eaa0], sa_mask[0]=0x7ffbfeff, sa_flags=0x10000004
SIGFPE: [libjvm.so+0x7ece30], sa_mask[0]=0x7ffbfeff, sa_flags=0x10000004
SIGPIPE: [libjvm.so+0x7ece30], sa_mask[0]=0x7ffbfeff, sa_flags=0x10000004
SIGXFSZ: [libjvm.so+0x7ece30], sa_mask[0]=0x7ffbfeff, sa_flags=0x10000004
SIGILL: [libjvm.so+0x7ece30], sa_mask[0]=0x7ffbfeff, sa_flags=0x10000004
SIGUSR1: SIG_DFL, sa_mask[0]=0x00000000, sa_flags=0x00000000
SIGUSR2: [libjvm.so+0x7eccb0], sa_mask[0]=0x00000004, sa_flags=0x10000004
SIGHUP: SIG_DFL, sa_mask[0]=0x00000000, sa_flags=0x00000000
SIGINT: SIG_DFL, sa_mask[0]=0x00000000, sa_flags=0x00000000
SIGTERM: SIG_DFL, sa_mask[0]=0x00000000, sa_flags=0x00000000
SIGQUIT: SIG_DFL, sa_mask[0]=0x00000000, sa_flags=0x00000000
SIGTRAP: SIG_DFL, sa_mask[0]=0x00000000, sa_flags=0x00000000


---------------  S Y S T E M  ---------------

OS:Linux
uname:Linux 3.18.6-1-ARCH #1 SMP PREEMPT Sat Feb 7 08:44:05 CET 2015 x86_64
libc:glibc 2.21 NPTL 2.21 
rlimit: STACK 8192k, CORE 0k, NPROC 15585, NOFILE 4096, AS infinity
load average:1.69 0.94 0.67

/proc/meminfo:
MemTotal:        3995604 kB
MemFree:          120500 kB
MemAvailable:      57980 kB
Buffers:             492 kB
Cached:           369476 kB
SwapCached:            0 kB
Active:          3455760 kB
Inactive:         276128 kB
Active(anon):    3449080 kB
Inactive(anon):   261156 kB
Active(file):       6680 kB
Inactive(file):    14972 kB
Unevictable:           0 kB
Mlocked:               0 kB
SwapTotal:             0 kB
SwapFree:              0 kB
Dirty:               152 kB
Writeback:            36 kB
AnonPages:       3363072 kB
Mapped:           173404 kB
Shmem:            347056 kB
Slab:              44764 kB
SReclaimable:      22236 kB
SUnreclaim:        22528 kB
KernelStack:        9808 kB
PageTables:        26028 kB
NFS_Unstable:          0 kB
Bounce:                0 kB
WritebackTmp:          0 kB
CommitLimit:     1997800 kB
Committed_AS:    6848832 kB
VmallocTotal:   34359738367 kB
VmallocUsed:      556028 kB
VmallocChunk:   34359173596 kB
HardwareCorrupted:     0 kB
AnonHugePages:   1941504 kB
HugePages_Total:       0
HugePages_Free:        0
HugePages_Rsvd:        0
HugePages_Surp:        0
Hugepagesize:       2048 kB
DirectMap4k:       65356 kB
DirectMap2M:     4073472 kB


CPU:total 4 (2 cores per cpu, 2 threads per core) family 6 model 42 stepping 7, cmov, cx8, fxsr, mmx, sse, sse2, sse3, ssse3, sse4.1, sse4.2, popcnt, avx, aes, ht, tsc, tscinvbit

/proc/cpuinfo:
processor	: 0
vendor_id	: GenuineIntel
cpu family	: 6
model		: 42
model name	: Intel(R) Core(TM) i5-2467M CPU @ 1.60GHz
stepping	: 7
microcode	: 0x25
cpu MHz		: 887.812
cache size	: 3072 KB
physical id	: 0
siblings	: 4
core id		: 0
cpu cores	: 2
apicid		: 0
initial apicid	: 0
fpu		: yes
fpu_exception	: yes
cpuid level	: 13
wp		: yes
flags		: fpu vme de pse tsc msr pae mce cx8 apic sep mtrr pge mca cmov pat pse36 clflush dts acpi mmx fxsr sse sse2 ss ht tm pbe syscall nx rdtscp lm constant_tsc arch_perfmon pebs bts rep_good nopl xtopology nonstop_tsc aperfmperf eagerfpu pni pclmulqdq dtes64 monitor ds_cpl vmx est tm2 ssse3 cx16 xtpr pdcm pcid sse4_1 sse4_2 x2apic popcnt tsc_deadline_timer aes xsave avx lahf_lm ida arat epb pln pts dtherm tpr_shadow vnmi flexpriority ept vpid xsaveopt
bugs		:
bogomips	: 3194.95
clflush size	: 64
cache_alignment	: 64
address sizes	: 36 bits physical, 48 bits virtual
power management:

processor	: 1
vendor_id	: GenuineIntel
cpu family	: 6
model		: 42
model name	: Intel(R) Core(TM) i5-2467M CPU @ 1.60GHz
stepping	: 7
microcode	: 0x25
cpu MHz		: 1711.687
cache size	: 3072 KB
physical id	: 0
siblings	: 4
core id		: 0
cpu cores	: 2
apicid		: 1
initial apicid	: 1
fpu		: yes
fpu_exception	: yes
cpuid level	: 13
wp		: yes
flags		: fpu vme de pse tsc msr pae mce cx8 apic sep mtrr pge mca cmov pat pse36 clflush dts acpi mmx fxsr sse sse2 ss ht tm pbe syscall nx rdtscp lm constant_tsc arch_perfmon pebs bts rep_good nopl xtopology nonstop_tsc aperfmperf eagerfpu pni pclmulqdq dtes64 monitor ds_cpl vmx est tm2 ssse3 cx16 xtpr pdcm pcid sse4_1 sse4_2 x2apic popcnt tsc_deadline_timer aes xsave avx lahf_lm ida arat epb pln pts dtherm tpr_shadow vnmi flexpriority ept vpid xsaveopt
bugs		:
bogomips	: 3194.95
clflush size	: 64
cache_alignment	: 64
address sizes	: 36 bits physical, 48 bits virtual
power management:

processor	: 2
vendor_id	: GenuineIntel
cpu family	: 6
model		: 42
model name	: Intel(R) Core(TM) i5-2467M CPU @ 1.60GHz
stepping	: 7
microcode	: 0x25
cpu MHz		: 1740.437
cache size	: 3072 KB
physical id	: 0
siblings	: 4
core id		: 1
cpu cores	: 2
apicid		: 2
initial apicid	: 2
fpu		: yes
fpu_exception	: yes
cpuid level	: 13
wp		: yes
flags		: fpu vme de pse tsc msr pae mce cx8 apic sep mtrr pge mca cmov pat pse36 clflush dts acpi mmx fxsr sse sse2 ss ht tm pbe syscall nx rdtscp lm constant_tsc arch_perfmon pebs bts rep_good nopl xtopology nonstop_tsc aperfmperf eagerfpu pni pclmulqdq dtes64 monitor ds_cpl vmx est tm2 ssse3 cx16 xtpr pdcm pcid sse4_1 sse4_2 x2apic popcnt tsc_deadline_timer aes xsave avx lahf_lm ida arat epb pln pts dtherm tpr_shadow vnmi flexpriority ept vpid xsaveopt
bugs		:
bogomips	: 3194.95
clflush size	: 64
cache_alignment	: 64
address sizes	: 36 bits physical, 48 bits virtual
power management:

processor	: 3
vendor_id	: GenuineIntel
cpu family	: 6
model		: 42
model name	: Intel(R) Core(TM) i5-2467M CPU @ 1.60GHz
stepping	: 7
microcode	: 0x25
cpu MHz		: 1901.937
cache size	: 3072 KB
physical id	: 0
siblings	: 4
core id		: 1
cpu cores	: 2
apicid		: 3
initial apicid	: 3
fpu		: yes
fpu_exception	: yes
cpuid level	: 13
wp		: yes
flags		: fpu vme de pse tsc msr pae mce cx8 apic sep mtrr pge mca cmov pat pse36 clflush dts acpi mmx fxsr sse sse2 ss ht tm pbe syscall nx rdtscp lm constant_tsc arch_perfmon pebs bts rep_good nopl xtopology nonstop_tsc aperfmperf eagerfpu pni pclmulqdq dtes64 monitor ds_cpl vmx est tm2 ssse3 cx16 xtpr pdcm pcid sse4_1 sse4_2 x2apic popcnt tsc_deadline_timer aes xsave avx lahf_lm ida arat epb pln pts dtherm tpr_shadow vnmi flexpriority ept vpid xsaveopt
bugs		:
bogomips	: 3194.95
clflush size	: 64
cache_alignment	: 64
address sizes	: 36 bits physical, 48 bits virtual
power management:



Memory: 4k page, physical 3995604k(120500k free), swap 0k(0k free)

vm_info: OpenJDK 64-Bit Server VM (24.75-b04) for linux-amd64 JRE (1.7.0_75-b13), built on Jan 23 2015 11:04:40 by "builduser" with gcc 4.9.2 20141224 (prerelease)

time: Sun Mar  8 19:05:23 2015
elapsed time: 0 seconds

